# JRE version: Java(TM) SE Runtime Environment (7.0_72-b14) (build 1.7.0_72-b14)
# Java VM: Java HotSpot(TM) 64-Bit Server VM (24.72-b04 mixed mode windows-amd64 compressed oops)
Heap
 PSYoungGen      total 440832K, used 401127K [0x00000007d5b00000, 0x00000007f4100000, 0x0000000800000000)
  eden space 394752K, 92% used [0x00000007d5b00000,0x00000007ebeecbd8,0x00000007edc80000)
  from space 46080K, 79% used [0x00000007f0d00000,0x00000007f30cd3a0,0x00000007f3a00000)
  to   space 49664K, 0% used [0x00000007edc80000,0x00000007edc80000,0x00000007f0d00000)
 ParOldGen       total 86528K, used 60627K [0x0000000781200000, 0x0000000786680000, 0x00000007d5b00000)
  object space 86528K, 70% used [0x0000000781200000,0x0000000784d34c30,0x0000000786680000)
 PSPermGen       total 51712K, used 51461K [0x000000077c000000, 0x000000077f280000, 0x0000000781200000)
  object space 51712K, 99% used [0x000000077c000000,0x000000077f241740,0x000000077f280000)
GC Heap History (10 events):
Event: 3.554 GC heap before
{Heap before GC invocations=6 (full 0):
 PSYoungGen      total 71680K, used 71680K [0x00000007d5b00000, 0x00000007df300000, 0x0000000800000000)
  eden space 66560K, 100% used [0x00000007d5b00000,0x00000007d9c00000,0x00000007d9c00000)
  from space 5120K, 100% used [0x00000007d9c00000,0x00000007da100000,0x00000007da100000)
  to   space 11264K, 0% used [0x00000007de800000,0x00000007de800000,0x00000007df300000)
 ParOldGen       total 86528K, used 13383K [0x0000000781200000, 0x0000000786680000, 0x00000007d5b00000)
  object space 86528K, 15% used [0x0000000781200000,0x0000000781f11ed0,0x0000000786680000)
 PSPermGen       total 25600K, used 25533K [0x000000077c000000, 0x000000077d900000, 0x0000000781200000)
  object space 25600K, 99% used [0x000000077c000000,0x000000077d8ef4e0,0x000000077d900000)
Event: 3.569 GC heap after
Heap after GC invocations=6 (full 0):
 PSYoungGen      total 139264K, used 11237K [0x00000007d5b00000, 0x00000007dfd00000, 0x0000000800000000)
  eden space 128000K, 0% used [0x00000007d5b00000,0x00000007d5b00000,0x00000007dd800000)
  from space 11264K, 99% used [0x00000007de800000,0x00000007df2f9728,0x00000007df300000)
  to   space 16384K, 0% used [0x00000007dd800000,0x00000007dd800000,0x00000007de800000)
 ParOldGen       total 86528K, used 19594K [0x0000000781200000, 0x0000000786680000, 0x00000007d5b00000)
  object space 86528K, 22% used [0x0000000781200000,0x0000000782522848,0x0000000786680000)
 PSPermGen       total 25600K, used 25533K [0x000000077c000000, 0x000000077d900000, 0x0000000781200000)
  object space 25600K, 99% used [0x000000077c000000,0x000000077d8ef4e0,0x000000077d900000)
}
Event: 4.361 GC heap before
{Heap before GC invocations=7 (full 0):
 PSYoungGen      total 139264K, used 139237K [0x00000007d5b00000, 0x00000007dfd00000, 0x0000000800000000)
  eden space 128000K, 100% used [0x00000007d5b00000,0x00000007dd800000,0x00000007dd800000)
  from space 11264K, 99% used [0x00000007de800000,0x00000007df2f9728,0x00000007df300000)
  to   space 16384K, 0% used [0x00000007dd800000,0x00000007dd800000,0x00000007de800000)
 ParOldGen       total 86528K, used 19594K [0x0000000781200000, 0x0000000786680000, 0x00000007d5b00000)
  object space 86528K, 22% used [0x0000000781200000,0x0000000782522848,0x0000000786680000)
 PSPermGen       total 27136K, used 26892K [0x000000077c000000, 0x000000077da80000, 0x0000000781200000)
  object space 27136K, 99% used [0x000000077c000000,0x000000077da43080,0x000000077da80000)
Event: 4.388 GC heap after
Heap after GC invocations=7 (full 0):
 PSYoungGen      total 144384K, used 16362K [0x00000007d5b00000, 0x00000007e8900000, 0x0000000800000000)
  eden space 128000K, 0% used [0x00000007d5b00000,0x00000007d5b00000,0x00000007dd800000)
  from space 16384K, 99% used [0x00000007dd800000,0x00000007de7faa40,0x00000007de800000)
  to   space 26624K, 0% used [0x00000007e6f00000,0x00000007e6f00000,0x00000007e8900000)
 ParOldGen       total 86528K, used 34816K [0x0000000781200000, 0x0000000786680000, 0x00000007d5b00000)
  object space 86528K, 40% used [0x0000000781200000,0x00000007834000d0,0x0000000786680000)
 PSPermGen       total 27136K, used 26892K [0x000000077c000000, 0x000000077da80000, 0x0000000781200000)
  object space 27136K, 99% used [0x000000077c000000,0x000000077da43080,0x000000077da80000)
}
Event: 4.765 GC heap before
{Heap before GC invocations=8 (full 0):
 PSYoungGen      total 144384K, used 144362K [0x00000007d5b00000, 0x00000007e8900000, 0x0000000800000000)
  eden space 128000K, 100% used [0x00000007d5b00000,0x00000007dd800000,0x00000007dd800000)
  from space 16384K, 99% used [0x00000007dd800000,0x00000007de7faa40,0x00000007de800000)
  to   space 26624K, 0% used [0x00000007e6f00000,0x00000007e6f00000,0x00000007e8900000)
 ParOldGen       total 86528K, used 34816K [0x0000000781200000, 0x0000000786680000, 0x00000007d5b00000)
  object space 86528K, 40% used [0x0000000781200000,0x00000007834000d0,0x0000000786680000)
 PSPermGen       total 27136K, used 26904K [0x000000077c000000, 0x000000077da80000, 0x0000000781200000)
  object space 27136K, 99% used [0x000000077c000000,0x000000077da463e0,0x000000077da80000)
Event: 4.788 GC heap after
Heap after GC invocations=8 (full 0):
 PSYoungGen      total 275456K, used 26609K [0x00000007d5b00000, 0x00000007e9700000, 0x0000000800000000)
  eden space 248832K, 0% used [0x00000007d5b00000,0x00000007d5b00000,0x00000007e4e00000)
  from space 26624K, 99% used [0x00000007e6f00000,0x00000007e88fc4e8,0x00000007e8900000)
  to   space 33792K, 0% used [0x00000007e4e00000,0x00000007e4e00000,0x00000007e6f00000)
 ParOldGen       total 86528K, used 41749K [0x0000000781200000, 0x0000000786680000, 0x00000007d5b00000)
  object space 86528K, 48% used [0x0000000781200000,0x0000000783ac57a0,0x0000000786680000)
 PSPermGen       total 27136K, used 26904K [0x000000077c000000, 0x000000077da80000, 0x0000000781200000)
  object space 27136K, 99% used [0x000000077c000000,0x000000077da463e0,0x000000077da80000)
}
Event: 5.418 GC heap before
{Heap before GC invocations=9 (full 0):
 PSYoungGen      total 275456K, used 275441K [0x00000007d5b00000, 0x00000007e9700000, 0x0000000800000000)
  eden space 248832K, 100% used [0x00000007d5b00000,0x00000007e4e00000,0x00000007e4e00000)
  from space 26624K, 99% used [0x00000007e6f00000,0x00000007e88fc4e8,0x00000007e8900000)
  to   space 33792K, 0% used [0x00000007e4e00000,0x00000007e4e00000,0x00000007e6f00000)
 ParOldGen       total 86528K, used 41749K [0x0000000781200000, 0x0000000786680000, 0x00000007d5b00000)
  object space 86528K, 48% used [0x0000000781200000,0x0000000783ac57a0,0x0000000786680000)
 PSPermGen       total 27136K, used 26918K [0x000000077c000000, 0x000000077da80000, 0x0000000781200000)
  object space 27136K, 99% used [0x000000077c000000,0x000000077da49930,0x000000077da80000)
Event: 5.450 GC heap after
Heap after GC invocations=9 (full 0):
 PSYoungGen      total 282624K, used 33786K [0x00000007d5b00000, 0x00000007f3a00000, 0x0000000800000000)
  eden space 248832K, 0% used [0x00000007d5b00000,0x00000007d5b00000,0x00000007e4e00000)
  from space 33792K, 99% used [0x00000007e4e00000,0x00000007e6efe960,0x00000007e6f00000)
  to   space 46080K, 0% used [0x00000007f0d00000,0x00000007f0d00000,0x00000007f3a00000)
 ParOldGen       total 86528K, used 57287K [0x0000000781200000, 0x0000000786680000, 0x00000007d5b00000)
  object space 86528K, 66% used [0x0000000781200000,0x00000007849f1fb0,0x0000000786680000)
 PSPermGen       total 27136K, used 26918K [0x000000077c000000, 0x000000077da80000, 0x0000000781200000)
  object space 27136K, 99% used [0x000000077c000000,0x000000077da49930,0x000000077da80000)
}
Event: 6.234 GC heap before
{Heap before GC invocations=10 (full 0):
 PSYoungGen      total 282624K, used 282618K [0x00000007d5b00000, 0x00000007f3a00000, 0x0000000800000000)
  eden space 248832K, 100% used [0x00000007d5b00000,0x00000007e4e00000,0x00000007e4e00000)
  from space 33792K, 99% used [0x00000007e4e00000,0x00000007e6efe960,0x00000007e6f00000)
  to   space 46080K, 0% used [0x00000007f0d00000,0x00000007f0d00000,0x00000007f3a00000)
 ParOldGen       total 86528K, used 57287K [0x0000000781200000, 0x0000000786680000, 0x00000007d5b00000)
  object space 86528K, 66% used [0x0000000781200000,0x00000007849f1fb0,0x0000000786680000)
 PSPermGen       total 31744K, used 31440K [0x000000077c000000, 0x000000077df00000, 0x0000000781200000)
  object space 31744K, 99% used [0x000000077c000000,0x000000077deb41f0,0x000000077df00000)
Event: 6.261 GC heap after
Heap after GC invocations=10 (full 0):
 PSYoungGen      total 440832K, used 36660K [0x00000007d5b00000, 0x00000007f4100000, 0x0000000800000000)
  eden space 394752K, 0% used [0x00000007d5b00000,0x00000007d5b00000,0x00000007edc80000)
  from space 46080K, 79% used [0x00000007f0d00000,0x00000007f30cd3a0,0x00000007f3a00000)
  to   space 49664K, 0% used [0x00000007edc80000,0x00000007edc80000,0x00000007f0d00000)
 ParOldGen       total 86528K, used 60627K [0x0000000781200000, 0x0000000786680000, 0x00000007d5b00000)
  object space 86528K, 70% used [0x0000000781200000,0x0000000784d34c30,0x0000000786680000)
 PSPermGen       total 31744K, used 31440K [0x000000077c000000, 0x000000077df00000, 0x0000000781200000)
  object space 31744K, 99% used [0x000000077c000000,0x000000077deb41f0,0x000000077df00000)
}

